21:18:04.617 [main] INFO  - Goto my account-->Click on Login.. 
21:18:05.194 [main] INFO  - Entering email and password.. 
21:18:06.380 [main] INFO  - clicked on login button...
21:18:12.405 [main] INFO  - Goto my account-->Click on Login.. 
21:18:12.931 [main] INFO  - Entering email and password.. 
21:18:14.094 [main] INFO  - clicked on login button...
21:18:19.414 [main] INFO  - Goto my account-->Click on Login.. 
21:18:19.906 [main] INFO  - Entering email and password.. 
21:18:20.728 [main] INFO  - clicked on login button...
21:35:02.582 [main] INFO  - Goto my account-->Click on Login.. 
21:35:03.141 [main] INFO  - Entering email and password.. 
21:35:04.009 [main] INFO  - clicked on login button...
08:33:01.369 [main] INFO  - Goto my account-->Click on Login.. 
08:33:01.976 [main] INFO  - Entering email and password.. 
08:33:02.944 [main] INFO  - clicked on login button...
08:33:08.164 [main] INFO  - Goto my account-->Click on Login.. 
08:33:08.890 [main] INFO  - Entering email and password.. 
08:33:09.777 [main] INFO  - clicked on login button...
08:36:25.714 [main] INFO  - Goto my account-->Click on Login.. 
08:36:26.275 [main] INFO  - Entering email and password.. 
08:36:27.124 [main] INFO  - clicked on login button...
08:36:32.197 [main] INFO  - Goto my account-->Click on Login.. 
08:36:32.895 [main] INFO  - Entering email and password.. 
08:36:33.765 [main] INFO  - clicked on login button...
16:40:25.663 [main] INFO  - Goto my account-->Click on Login.. 
16:40:26.330 [main] INFO  - Entering email and password.. 
16:40:27.125 [main] INFO  - clicked on login button...
16:40:43.597 [main] INFO  - Goto my account-->Click on Login.. 
16:40:44.093 [main] INFO  - Entering email and password.. 
16:40:45.032 [main] INFO  - clicked on login button...
18:22:00.591 [main] INFO  - Goto my account-->Click on Login.. 
18:22:02.279 [main] DEBUG - Parsing relationship: /xl/_rels/workbook.xml.rels
18:22:02.283 [main] DEBUG - Parsing relationship: /xl/worksheets/_rels/sheet1.xml.rels
18:22:02.287 [main] DEBUG - Parsing relationship: /_rels/.rels
18:22:03.420 [main] TRACE - Loading type system org.apache.poi.schemas.ooxml.system.ooxml
18:22:03.457 [main] TRACE - Loading type system org.apache.xmlbeans.metadata.system.sXMLCONFIG
18:22:03.458 [main] TRACE - Loading type system org.apache.xmlbeans.metadata.system.sXMLLANG
18:22:03.459 [main] TRACE - Loading type system org.apache.xmlbeans.metadata.system.sXMLSCHEMA
18:22:03.459 [main] TRACE - Loading type system org.apache.xmlbeans.metadata.system.sXMLTOOLS
18:22:03.461 [main] TRACE - Reading unresolved handles for type system org.apache.xmlbeans.metadata.system.sXMLTOOLS
18:22:03.623 [main] TRACE - Finished loading type system org.apache.xmlbeans.metadata.system.sXMLTOOLS
18:22:03.626 [main] TRACE - Reading unresolved handles for type system org.apache.xmlbeans.metadata.system.sXMLSCHEMA
18:22:03.670 [main] TRACE - Finished loading type system org.apache.xmlbeans.metadata.system.sXMLSCHEMA
18:22:03.672 [main] TRACE - Reading unresolved handles for type system org.apache.xmlbeans.metadata.system.sXMLLANG
18:22:03.676 [main] TRACE - Finished loading type system org.apache.xmlbeans.metadata.system.sXMLLANG
18:22:03.678 [main] TRACE - Reading unresolved handles for type system org.apache.xmlbeans.metadata.system.sXMLCONFIG
18:22:03.688 [main] TRACE - Finished loading type system org.apache.xmlbeans.metadata.system.sXMLCONFIG
18:22:03.689 [main] TRACE - Reading unresolved handles for type system org.apache.poi.schemas.ooxml.system.ooxml
18:22:03.781 [main] TRACE - Finished loading type system org.apache.poi.schemas.ooxml.system.ooxml
18:22:03.782 [main] TRACE - Resolving type for handle themefd26doctype
18:22:04.213 [main] TRACE - Resolving type for handle stylesheet5d8bdoctype
18:22:04.224 [main] TRACE - Resolving type for handle ctstylesheet4257type
18:22:04.253 [main] TRACE - Resolving type for handle ctfonts6623type
18:22:04.256 [main] TRACE - Resolving type for handle ctfont14d8type
18:22:04.263 [main] TRACE - Resolving type for handle ctfills2c6ftype
18:22:04.266 [main] TRACE - Resolving type for handle ctfill550ctype
18:22:04.268 [main] TRACE - Resolving type for handle ctborders0d66type
18:22:04.271 [main] TRACE - Resolving type for handle ctborderf935type
18:22:04.275 [main] TRACE - Resolving type for handle ctcellxfs1322type
18:22:04.279 [main] TRACE - Resolving type for handle ctxf97f7type
18:22:04.284 [main] TRACE - Resolving type for handle ctcellstylexfsa81ftype
18:22:04.286 [main] TRACE - Resolving type for handle ctdxfsb26atype
18:22:04.288 [main] TRACE - Resolving type for handle cttablestyles872ftype
18:22:04.292 [main] TRACE - Resolving type for handle sstf81fdoctype
18:22:04.299 [main] TRACE - Resolving type for handle ctsst44f3type
18:22:04.340 [main] TRACE - Resolving type for handle ctrsta472type
18:22:04.531 [main] DEBUG - using default POIXMLDocumentPart for http://schemas.openxmlformats.org/officeDocument/2006/relationships/printerSettings
18:22:04.534 [main] TRACE - Resolving type for handle workbookec17doctype
18:22:04.543 [main] TRACE - Resolving type for handle ctworkbook83c3type
18:22:04.550 [main] TRACE - Resolving type for handle ctsheets49fdtype
18:22:04.553 [main] TRACE - Resolving type for handle ctsheet4dbetype
18:22:04.555 [main] TRACE - Resolving type for handle strelationshipid1e94type
18:22:04.558 [main] TRACE - Resolving type for handle worksheetf539doctype
18:22:04.568 [main] TRACE - Resolving type for handle ctworksheet530dtype
18:22:04.577 [main] TRACE - Resolving type for handle ctsheetdata8408type
18:22:04.580 [main] TRACE - Resolving type for handle ctrowdd39type
18:22:04.585 [main] TRACE - Resolving type for handle ctcell842btype
18:22:04.600 [main] TRACE - Resolving type for handle stcellrefe4e0type
18:22:04.611 [main] TRACE - Resolving type for handle ctcols627ctype
18:22:04.619 [main] TRACE - Resolving type for handle ctcola95ftype
18:22:04.760 [main] TRACE - Resolving type for handle cthyperlinks6416type
18:22:04.763 [main] TRACE - Resolving type for handle cthyperlink0c85type
18:22:04.769 [main] TRACE - Resolving type for handle stxstringf179type
18:22:04.772 [main] TRACE - Resolving type for handle stcelltypebf95type
18:22:11.963 [main] INFO  - Goto my account-->Click on Login.. 
18:22:12.504 [main] DEBUG - Parsing relationship: /xl/_rels/workbook.xml.rels
18:22:12.509 [main] DEBUG - Parsing relationship: /xl/worksheets/_rels/sheet1.xml.rels
18:22:12.512 [main] DEBUG - Parsing relationship: /_rels/.rels
18:22:12.538 [main] DEBUG - using default POIXMLDocumentPart for http://schemas.openxmlformats.org/officeDocument/2006/relationships/printerSettings
18:22:20.072 [main] INFO  - Goto my account-->Click on Login.. 
18:22:20.667 [main] DEBUG - Parsing relationship: /xl/_rels/workbook.xml.rels
18:22:20.670 [main] DEBUG - Parsing relationship: /xl/worksheets/_rels/sheet1.xml.rels
18:22:20.672 [main] DEBUG - Parsing relationship: /_rels/.rels
18:22:20.696 [main] DEBUG - using default POIXMLDocumentPart for http://schemas.openxmlformats.org/officeDocument/2006/relationships/printerSettings
19:26:07.411 [main] INFO  - Goto my account-->Click on Login.. 
19:26:08.214 [main] DEBUG - Parsing relationship: /xl/_rels/workbook.xml.rels
19:26:08.218 [main] DEBUG - Parsing relationship: /xl/worksheets/_rels/sheet1.xml.rels
19:26:08.223 [main] DEBUG - Parsing relationship: /_rels/.rels
19:26:08.466 [main] TRACE - Loading type system org.apache.poi.schemas.ooxml.system.ooxml
19:26:08.474 [main] TRACE - Loading type system org.apache.xmlbeans.metadata.system.sXMLCONFIG
19:26:08.475 [main] TRACE - Loading type system org.apache.xmlbeans.metadata.system.sXMLLANG
19:26:08.476 [main] TRACE - Loading type system org.apache.xmlbeans.metadata.system.sXMLSCHEMA
19:26:08.476 [main] TRACE - Loading type system org.apache.xmlbeans.metadata.system.sXMLTOOLS
19:26:08.479 [main] TRACE - Reading unresolved handles for type system org.apache.xmlbeans.metadata.system.sXMLTOOLS
19:26:08.495 [main] TRACE - Finished loading type system org.apache.xmlbeans.metadata.system.sXMLTOOLS
19:26:08.497 [main] TRACE - Reading unresolved handles for type system org.apache.xmlbeans.metadata.system.sXMLSCHEMA
19:26:08.507 [main] TRACE - Finished loading type system org.apache.xmlbeans.metadata.system.sXMLSCHEMA
19:26:08.509 [main] TRACE - Reading unresolved handles for type system org.apache.xmlbeans.metadata.system.sXMLLANG
19:26:08.510 [main] TRACE - Finished loading type system org.apache.xmlbeans.metadata.system.sXMLLANG
19:26:08.512 [main] TRACE - Reading unresolved handles for type system org.apache.xmlbeans.metadata.system.sXMLCONFIG
19:26:08.513 [main] TRACE - Finished loading type system org.apache.xmlbeans.metadata.system.sXMLCONFIG
19:26:08.515 [main] TRACE - Reading unresolved handles for type system org.apache.poi.schemas.ooxml.system.ooxml
19:26:08.600 [main] TRACE - Finished loading type system org.apache.poi.schemas.ooxml.system.ooxml
19:26:08.601 [main] TRACE - Resolving type for handle themefd26doctype
19:26:08.696 [main] TRACE - Resolving type for handle stylesheet5d8bdoctype
19:26:08.709 [main] TRACE - Resolving type for handle ctstylesheet4257type
19:26:08.716 [main] TRACE - Resolving type for handle ctfonts6623type
19:26:08.720 [main] TRACE - Resolving type for handle ctfont14d8type
19:26:08.729 [main] TRACE - Resolving type for handle ctfills2c6ftype
19:26:08.733 [main] TRACE - Resolving type for handle ctfill550ctype
19:26:08.736 [main] TRACE - Resolving type for handle ctborders0d66type
19:26:08.740 [main] TRACE - Resolving type for handle ctborderf935type
19:26:08.744 [main] TRACE - Resolving type for handle ctcellxfs1322type
19:26:08.748 [main] TRACE - Resolving type for handle ctxf97f7type
19:26:08.753 [main] TRACE - Resolving type for handle ctcellstylexfsa81ftype
19:26:08.756 [main] TRACE - Resolving type for handle ctdxfsb26atype
19:26:08.761 [main] TRACE - Resolving type for handle cttablestyles872ftype
19:26:08.768 [main] TRACE - Resolving type for handle sstf81fdoctype
19:26:08.776 [main] TRACE - Resolving type for handle ctsst44f3type
19:26:08.789 [main] TRACE - Resolving type for handle ctrsta472type
19:26:08.819 [main] DEBUG - using default POIXMLDocumentPart for http://schemas.openxmlformats.org/officeDocument/2006/relationships/printerSettings
19:26:08.820 [main] TRACE - Resolving type for handle workbookec17doctype
19:26:08.829 [main] TRACE - Resolving type for handle ctworkbook83c3type
19:26:08.837 [main] TRACE - Resolving type for handle ctsheets49fdtype
19:26:08.840 [main] TRACE - Resolving type for handle ctsheet4dbetype
19:26:08.843 [main] TRACE - Resolving type for handle strelationshipid1e94type
19:26:08.847 [main] TRACE - Resolving type for handle worksheetf539doctype
19:26:08.858 [main] TRACE - Resolving type for handle ctworksheet530dtype
19:26:08.868 [main] TRACE - Resolving type for handle ctsheetdata8408type
19:26:08.871 [main] TRACE - Resolving type for handle ctrowdd39type
19:26:08.878 [main] TRACE - Resolving type for handle ctcell842btype
19:26:08.888 [main] TRACE - Resolving type for handle stcellrefe4e0type
19:26:08.897 [main] TRACE - Resolving type for handle ctcols627ctype
19:26:08.903 [main] TRACE - Resolving type for handle ctcola95ftype
19:26:08.927 [main] TRACE - Resolving type for handle cthyperlinks6416type
19:26:08.930 [main] TRACE - Resolving type for handle cthyperlink0c85type
19:26:08.936 [main] TRACE - Resolving type for handle stxstringf179type
19:26:08.939 [main] TRACE - Resolving type for handle stcelltypebf95type
19:26:15.593 [main] INFO  - Goto my account-->Click on Login.. 
19:26:16.212 [main] DEBUG - Parsing relationship: /xl/_rels/workbook.xml.rels
19:26:16.214 [main] DEBUG - Parsing relationship: /xl/worksheets/_rels/sheet1.xml.rels
19:26:16.218 [main] DEBUG - Parsing relationship: /_rels/.rels
19:26:16.253 [main] DEBUG - using default POIXMLDocumentPart for http://schemas.openxmlformats.org/officeDocument/2006/relationships/printerSettings
19:26:23.108 [main] INFO  - Goto my account-->Click on Login.. 
19:26:23.676 [main] DEBUG - Parsing relationship: /xl/_rels/workbook.xml.rels
19:26:23.680 [main] DEBUG - Parsing relationship: /xl/worksheets/_rels/sheet1.xml.rels
19:26:23.682 [main] DEBUG - Parsing relationship: /_rels/.rels
19:26:23.714 [main] DEBUG - using default POIXMLDocumentPart for http://schemas.openxmlformats.org/officeDocument/2006/relationships/printerSettings
19:32:37.968 [main] INFO  - Goto my account-->Click on Login.. 
19:32:38.687 [main] DEBUG - Parsing relationship: /xl/_rels/workbook.xml.rels
19:32:38.691 [main] DEBUG - Parsing relationship: /xl/worksheets/_rels/sheet1.xml.rels
19:32:38.695 [main] DEBUG - Parsing relationship: /_rels/.rels
19:32:38.883 [main] TRACE - Loading type system org.apache.poi.schemas.ooxml.system.ooxml
19:32:38.886 [main] TRACE - Loading type system org.apache.xmlbeans.metadata.system.sXMLCONFIG
19:32:38.887 [main] TRACE - Loading type system org.apache.xmlbeans.metadata.system.sXMLLANG
19:32:38.887 [main] TRACE - Loading type system org.apache.xmlbeans.metadata.system.sXMLSCHEMA
19:32:38.888 [main] TRACE - Loading type system org.apache.xmlbeans.metadata.system.sXMLTOOLS
19:32:38.889 [main] TRACE - Reading unresolved handles for type system org.apache.xmlbeans.metadata.system.sXMLTOOLS
19:32:38.903 [main] TRACE - Finished loading type system org.apache.xmlbeans.metadata.system.sXMLTOOLS
19:32:38.904 [main] TRACE - Reading unresolved handles for type system org.apache.xmlbeans.metadata.system.sXMLSCHEMA
19:32:38.913 [main] TRACE - Finished loading type system org.apache.xmlbeans.metadata.system.sXMLSCHEMA
19:32:38.915 [main] TRACE - Reading unresolved handles for type system org.apache.xmlbeans.metadata.system.sXMLLANG
19:32:38.916 [main] TRACE - Finished loading type system org.apache.xmlbeans.metadata.system.sXMLLANG
19:32:38.917 [main] TRACE - Reading unresolved handles for type system org.apache.xmlbeans.metadata.system.sXMLCONFIG
19:32:38.918 [main] TRACE - Finished loading type system org.apache.xmlbeans.metadata.system.sXMLCONFIG
19:32:38.919 [main] TRACE - Reading unresolved handles for type system org.apache.poi.schemas.ooxml.system.ooxml
19:32:39.006 [main] TRACE - Finished loading type system org.apache.poi.schemas.ooxml.system.ooxml
19:32:39.007 [main] TRACE - Resolving type for handle themefd26doctype
19:32:39.076 [main] TRACE - Resolving type for handle stylesheet5d8bdoctype
19:32:39.091 [main] TRACE - Resolving type for handle ctstylesheet4257type
19:32:39.097 [main] TRACE - Resolving type for handle ctfonts6623type
19:32:39.100 [main] TRACE - Resolving type for handle ctfont14d8type
19:32:39.106 [main] TRACE - Resolving type for handle ctfills2c6ftype
19:32:39.108 [main] TRACE - Resolving type for handle ctfill550ctype
19:32:39.111 [main] TRACE - Resolving type for handle ctborders0d66type
19:32:39.113 [main] TRACE - Resolving type for handle ctborderf935type
19:32:39.117 [main] TRACE - Resolving type for handle ctcellxfs1322type
19:32:39.121 [main] TRACE - Resolving type for handle ctxf97f7type
19:32:39.126 [main] TRACE - Resolving type for handle ctcellstylexfsa81ftype
19:32:39.128 [main] TRACE - Resolving type for handle ctdxfsb26atype
19:32:39.130 [main] TRACE - Resolving type for handle cttablestyles872ftype
19:32:39.134 [main] TRACE - Resolving type for handle sstf81fdoctype
19:32:39.141 [main] TRACE - Resolving type for handle ctsst44f3type
19:32:39.150 [main] TRACE - Resolving type for handle ctrsta472type
19:32:39.171 [main] DEBUG - using default POIXMLDocumentPart for http://schemas.openxmlformats.org/officeDocument/2006/relationships/printerSettings
19:32:39.173 [main] TRACE - Resolving type for handle workbookec17doctype
19:32:39.180 [main] TRACE - Resolving type for handle ctworkbook83c3type
19:32:39.187 [main] TRACE - Resolving type for handle ctsheets49fdtype
19:32:39.189 [main] TRACE - Resolving type for handle ctsheet4dbetype
19:32:39.191 [main] TRACE - Resolving type for handle strelationshipid1e94type
19:32:39.193 [main] TRACE - Resolving type for handle worksheetf539doctype
19:32:39.201 [main] TRACE - Resolving type for handle ctworksheet530dtype
19:32:39.208 [main] TRACE - Resolving type for handle ctsheetdata8408type
19:32:39.210 [main] TRACE - Resolving type for handle ctrowdd39type
19:32:39.216 [main] TRACE - Resolving type for handle ctcell842btype
19:32:39.222 [main] TRACE - Resolving type for handle stcellrefe4e0type
19:32:39.233 [main] TRACE - Resolving type for handle ctcols627ctype
19:32:39.239 [main] TRACE - Resolving type for handle ctcola95ftype
19:32:39.266 [main] TRACE - Resolving type for handle cthyperlinks6416type
19:32:39.269 [main] TRACE - Resolving type for handle cthyperlink0c85type
19:32:39.278 [main] TRACE - Resolving type for handle stxstringf179type
19:32:39.281 [main] TRACE - Resolving type for handle stcelltypebf95type
19:32:46.400 [main] INFO  - Goto my account-->Click on Login.. 
19:32:46.946 [main] DEBUG - Parsing relationship: /xl/_rels/workbook.xml.rels
19:32:46.948 [main] DEBUG - Parsing relationship: /xl/worksheets/_rels/sheet1.xml.rels
19:32:46.951 [main] DEBUG - Parsing relationship: /_rels/.rels
19:32:46.979 [main] DEBUG - using default POIXMLDocumentPart for http://schemas.openxmlformats.org/officeDocument/2006/relationships/printerSettings
19:33:03.363 [main] INFO  - Goto my account-->Click on Login.. 
19:33:03.894 [main] DEBUG - Parsing relationship: /xl/_rels/workbook.xml.rels
19:33:03.896 [main] DEBUG - Parsing relationship: /xl/worksheets/_rels/sheet1.xml.rels
19:33:03.899 [main] DEBUG - Parsing relationship: /_rels/.rels
19:33:03.922 [main] DEBUG - using default POIXMLDocumentPart for http://schemas.openxmlformats.org/officeDocument/2006/relationships/printerSettings
19:36:09.963 [main] INFO  - Goto my account-->Click on Login.. 
19:36:10.832 [main] DEBUG - Parsing relationship: /xl/_rels/workbook.xml.rels
19:36:10.837 [main] DEBUG - Parsing relationship: /xl/worksheets/_rels/sheet1.xml.rels
19:36:10.841 [main] DEBUG - Parsing relationship: /_rels/.rels
19:36:11.051 [main] TRACE - Loading type system org.apache.poi.schemas.ooxml.system.ooxml
19:36:11.055 [main] TRACE - Loading type system org.apache.xmlbeans.metadata.system.sXMLCONFIG
19:36:11.056 [main] TRACE - Loading type system org.apache.xmlbeans.metadata.system.sXMLLANG
19:36:11.056 [main] TRACE - Loading type system org.apache.xmlbeans.metadata.system.sXMLSCHEMA
19:36:11.057 [main] TRACE - Loading type system org.apache.xmlbeans.metadata.system.sXMLTOOLS
19:36:11.059 [main] TRACE - Reading unresolved handles for type system org.apache.xmlbeans.metadata.system.sXMLTOOLS
19:36:11.074 [main] TRACE - Finished loading type system org.apache.xmlbeans.metadata.system.sXMLTOOLS
19:36:11.076 [main] TRACE - Reading unresolved handles for type system org.apache.xmlbeans.metadata.system.sXMLSCHEMA
19:36:11.085 [main] TRACE - Finished loading type system org.apache.xmlbeans.metadata.system.sXMLSCHEMA
19:36:11.087 [main] TRACE - Reading unresolved handles for type system org.apache.xmlbeans.metadata.system.sXMLLANG
19:36:11.089 [main] TRACE - Finished loading type system org.apache.xmlbeans.metadata.system.sXMLLANG
19:36:11.090 [main] TRACE - Reading unresolved handles for type system org.apache.xmlbeans.metadata.system.sXMLCONFIG
19:36:11.092 [main] TRACE - Finished loading type system org.apache.xmlbeans.metadata.system.sXMLCONFIG
19:36:11.094 [main] TRACE - Reading unresolved handles for type system org.apache.poi.schemas.ooxml.system.ooxml
19:36:11.190 [main] TRACE - Finished loading type system org.apache.poi.schemas.ooxml.system.ooxml
19:36:11.192 [main] TRACE - Resolving type for handle themefd26doctype
19:36:11.266 [main] TRACE - Resolving type for handle stylesheet5d8bdoctype
19:36:11.279 [main] TRACE - Resolving type for handle ctstylesheet4257type
19:36:11.286 [main] TRACE - Resolving type for handle ctfonts6623type
19:36:11.290 [main] TRACE - Resolving type for handle ctfont14d8type
19:36:11.298 [main] TRACE - Resolving type for handle ctfills2c6ftype
19:36:11.301 [main] TRACE - Resolving type for handle ctfill550ctype
19:36:11.304 [main] TRACE - Resolving type for handle ctborders0d66type
19:36:11.308 [main] TRACE - Resolving type for handle ctborderf935type
19:36:11.312 [main] TRACE - Resolving type for handle ctcellxfs1322type
19:36:11.330 [main] TRACE - Resolving type for handle ctxf97f7type
19:36:11.334 [main] TRACE - Resolving type for handle ctcellstylexfsa81ftype
19:36:11.336 [main] TRACE - Resolving type for handle ctdxfsb26atype
19:36:11.340 [main] TRACE - Resolving type for handle cttablestyles872ftype
19:36:11.345 [main] TRACE - Resolving type for handle sstf81fdoctype
19:36:11.351 [main] TRACE - Resolving type for handle ctsst44f3type
19:36:11.362 [main] TRACE - Resolving type for handle ctrsta472type
19:36:11.388 [main] DEBUG - using default POIXMLDocumentPart for http://schemas.openxmlformats.org/officeDocument/2006/relationships/printerSettings
19:36:11.390 [main] TRACE - Resolving type for handle workbookec17doctype
19:36:11.397 [main] TRACE - Resolving type for handle ctworkbook83c3type
19:36:11.403 [main] TRACE - Resolving type for handle ctsheets49fdtype
19:36:11.406 [main] TRACE - Resolving type for handle ctsheet4dbetype
19:36:11.408 [main] TRACE - Resolving type for handle strelationshipid1e94type
19:36:11.410 [main] TRACE - Resolving type for handle worksheetf539doctype
19:36:11.418 [main] TRACE - Resolving type for handle ctworksheet530dtype
19:36:11.425 [main] TRACE - Resolving type for handle ctsheetdata8408type
19:36:11.428 [main] TRACE - Resolving type for handle ctrowdd39type
19:36:11.432 [main] TRACE - Resolving type for handle ctcell842btype
19:36:11.439 [main] TRACE - Resolving type for handle stcellrefe4e0type
19:36:11.447 [main] TRACE - Resolving type for handle ctcols627ctype
19:36:11.453 [main] TRACE - Resolving type for handle ctcola95ftype
19:36:11.475 [main] TRACE - Resolving type for handle cthyperlinks6416type
19:36:11.478 [main] TRACE - Resolving type for handle cthyperlink0c85type
19:36:11.485 [main] TRACE - Resolving type for handle stxstringf179type
19:36:11.487 [main] TRACE - Resolving type for handle stcelltypebf95type
19:36:18.404 [main] INFO  - Goto my account-->Click on Login.. 
19:36:19.087 [main] DEBUG - Parsing relationship: /xl/_rels/workbook.xml.rels
19:36:19.089 [main] DEBUG - Parsing relationship: /xl/worksheets/_rels/sheet1.xml.rels
19:36:19.092 [main] DEBUG - Parsing relationship: /_rels/.rels
19:36:19.121 [main] DEBUG - using default POIXMLDocumentPart for http://schemas.openxmlformats.org/officeDocument/2006/relationships/printerSettings
19:36:36.157 [main] INFO  - Goto my account-->Click on Login.. 
19:36:36.671 [main] DEBUG - Parsing relationship: /xl/_rels/workbook.xml.rels
19:36:36.673 [main] DEBUG - Parsing relationship: /xl/worksheets/_rels/sheet1.xml.rels
19:36:36.674 [main] DEBUG - Parsing relationship: /_rels/.rels
19:36:36.693 [main] DEBUG - using default POIXMLDocumentPart for http://schemas.openxmlformats.org/officeDocument/2006/relationships/printerSettings
19:36:52.922 [main] INFO  - Goto my account-->Click on Login.. 
19:49:20.237 [main] INFO  - Goto my account-->Click on Login.. 
19:49:21.102 [main] DEBUG - Parsing relationship: /xl/_rels/workbook.xml.rels
19:49:21.107 [main] DEBUG - Parsing relationship: /xl/worksheets/_rels/sheet1.xml.rels
19:49:21.111 [main] DEBUG - Parsing relationship: /_rels/.rels
19:49:21.342 [main] TRACE - Loading type system org.apache.poi.schemas.ooxml.system.ooxml
19:49:21.346 [main] TRACE - Loading type system org.apache.xmlbeans.metadata.system.sXMLCONFIG
19:49:21.347 [main] TRACE - Loading type system org.apache.xmlbeans.metadata.system.sXMLLANG
19:49:21.348 [main] TRACE - Loading type system org.apache.xmlbeans.metadata.system.sXMLSCHEMA
19:49:21.349 [main] TRACE - Loading type system org.apache.xmlbeans.metadata.system.sXMLTOOLS
19:49:21.350 [main] TRACE - Reading unresolved handles for type system org.apache.xmlbeans.metadata.system.sXMLTOOLS
19:49:21.365 [main] TRACE - Finished loading type system org.apache.xmlbeans.metadata.system.sXMLTOOLS
19:49:21.367 [main] TRACE - Reading unresolved handles for type system org.apache.xmlbeans.metadata.system.sXMLSCHEMA
19:49:21.376 [main] TRACE - Finished loading type system org.apache.xmlbeans.metadata.system.sXMLSCHEMA
19:49:21.377 [main] TRACE - Reading unresolved handles for type system org.apache.xmlbeans.metadata.system.sXMLLANG
19:49:21.379 [main] TRACE - Finished loading type system org.apache.xmlbeans.metadata.system.sXMLLANG
19:49:21.380 [main] TRACE - Reading unresolved handles for type system org.apache.xmlbeans.metadata.system.sXMLCONFIG
19:49:21.383 [main] TRACE - Finished loading type system org.apache.xmlbeans.metadata.system.sXMLCONFIG
19:49:21.384 [main] TRACE - Reading unresolved handles for type system org.apache.poi.schemas.ooxml.system.ooxml
19:49:21.504 [main] TRACE - Finished loading type system org.apache.poi.schemas.ooxml.system.ooxml
19:49:21.505 [main] TRACE - Resolving type for handle themefd26doctype
19:49:21.594 [main] TRACE - Resolving type for handle stylesheet5d8bdoctype
19:49:21.611 [main] TRACE - Resolving type for handle ctstylesheet4257type
19:49:21.617 [main] TRACE - Resolving type for handle ctfonts6623type
19:49:21.620 [main] TRACE - Resolving type for handle ctfont14d8type
19:49:21.630 [main] TRACE - Resolving type for handle ctfills2c6ftype
19:49:21.634 [main] TRACE - Resolving type for handle ctfill550ctype
19:49:21.637 [main] TRACE - Resolving type for handle ctborders0d66type
19:49:21.641 [main] TRACE - Resolving type for handle ctborderf935type
19:49:21.647 [main] TRACE - Resolving type for handle ctcellxfs1322type
19:49:21.651 [main] TRACE - Resolving type for handle ctxf97f7type
19:49:21.658 [main] TRACE - Resolving type for handle ctcellstylexfsa81ftype
19:49:21.661 [main] TRACE - Resolving type for handle ctdxfsb26atype
19:49:21.663 [main] TRACE - Resolving type for handle cttablestyles872ftype
19:49:21.668 [main] TRACE - Resolving type for handle sstf81fdoctype
19:49:21.677 [main] TRACE - Resolving type for handle ctsst44f3type
19:49:21.689 [main] TRACE - Resolving type for handle ctrsta472type
19:49:21.712 [main] DEBUG - using default POIXMLDocumentPart for http://schemas.openxmlformats.org/officeDocument/2006/relationships/printerSettings
19:49:21.713 [main] TRACE - Resolving type for handle workbookec17doctype
19:49:21.723 [main] TRACE - Resolving type for handle ctworkbook83c3type
19:49:21.728 [main] TRACE - Resolving type for handle ctsheets49fdtype
19:49:21.730 [main] TRACE - Resolving type for handle ctsheet4dbetype
19:49:21.732 [main] TRACE - Resolving type for handle strelationshipid1e94type
19:49:21.735 [main] TRACE - Resolving type for handle worksheetf539doctype
19:49:21.749 [main] TRACE - Resolving type for handle ctworksheet530dtype
19:49:21.757 [main] TRACE - Resolving type for handle ctsheetdata8408type
19:49:21.759 [main] TRACE - Resolving type for handle ctrowdd39type
19:49:21.764 [main] TRACE - Resolving type for handle ctcell842btype
19:49:21.770 [main] TRACE - Resolving type for handle stcellrefe4e0type
19:49:21.780 [main] TRACE - Resolving type for handle ctcols627ctype
19:49:21.786 [main] TRACE - Resolving type for handle ctcola95ftype
19:49:21.809 [main] TRACE - Resolving type for handle cthyperlinks6416type
19:49:21.812 [main] TRACE - Resolving type for handle cthyperlink0c85type
19:49:21.821 [main] TRACE - Resolving type for handle stxstringf179type
19:49:21.825 [main] TRACE - Resolving type for handle stcelltypebf95type
19:49:29.487 [main] INFO  - Goto my account-->Click on Login.. 
19:49:30.011 [main] DEBUG - Parsing relationship: /xl/_rels/workbook.xml.rels
19:49:30.013 [main] DEBUG - Parsing relationship: /xl/worksheets/_rels/sheet1.xml.rels
19:49:30.018 [main] DEBUG - Parsing relationship: /_rels/.rels
19:49:30.049 [main] DEBUG - using default POIXMLDocumentPart for http://schemas.openxmlformats.org/officeDocument/2006/relationships/printerSettings
19:49:47.243 [main] INFO  - Goto my account-->Click on Login.. 
19:49:47.761 [main] DEBUG - Parsing relationship: /xl/_rels/workbook.xml.rels
19:49:47.762 [main] DEBUG - Parsing relationship: /xl/worksheets/_rels/sheet1.xml.rels
19:49:47.764 [main] DEBUG - Parsing relationship: /_rels/.rels
19:49:47.793 [main] DEBUG - using default POIXMLDocumentPart for http://schemas.openxmlformats.org/officeDocument/2006/relationships/printerSettings
19:50:04.196 [main] INFO  - Goto my account-->Click on Login.. 
19:50:04.742 [main] DEBUG - Parsing relationship: /xl/_rels/workbook.xml.rels
19:50:04.744 [main] DEBUG - Parsing relationship: /xl/worksheets/_rels/sheet1.xml.rels
19:50:04.746 [main] DEBUG - Parsing relationship: /_rels/.rels
19:50:04.766 [main] DEBUG - using default POIXMLDocumentPart for http://schemas.openxmlformats.org/officeDocument/2006/relationships/printerSettings
19:54:13.758 [main] INFO  - Goto my account-->Click on Login.. 
19:54:14.439 [main] DEBUG - Parsing relationship: /xl/_rels/workbook.xml.rels
19:54:14.444 [main] DEBUG - Parsing relationship: /xl/worksheets/_rels/sheet1.xml.rels
19:54:14.448 [main] DEBUG - Parsing relationship: /_rels/.rels
19:54:14.643 [main] TRACE - Loading type system org.apache.poi.schemas.ooxml.system.ooxml
19:54:14.646 [main] TRACE - Loading type system org.apache.xmlbeans.metadata.system.sXMLCONFIG
19:54:14.648 [main] TRACE - Loading type system org.apache.xmlbeans.metadata.system.sXMLLANG
19:54:14.648 [main] TRACE - Loading type system org.apache.xmlbeans.metadata.system.sXMLSCHEMA
19:54:14.649 [main] TRACE - Loading type system org.apache.xmlbeans.metadata.system.sXMLTOOLS
19:54:14.651 [main] TRACE - Reading unresolved handles for type system org.apache.xmlbeans.metadata.system.sXMLTOOLS
19:54:14.667 [main] TRACE - Finished loading type system org.apache.xmlbeans.metadata.system.sXMLTOOLS
19:54:14.669 [main] TRACE - Reading unresolved handles for type system org.apache.xmlbeans.metadata.system.sXMLSCHEMA
19:54:14.679 [main] TRACE - Finished loading type system org.apache.xmlbeans.metadata.system.sXMLSCHEMA
19:54:14.681 [main] TRACE - Reading unresolved handles for type system org.apache.xmlbeans.metadata.system.sXMLLANG
19:54:14.682 [main] TRACE - Finished loading type system org.apache.xmlbeans.metadata.system.sXMLLANG
19:54:14.684 [main] TRACE - Reading unresolved handles for type system org.apache.xmlbeans.metadata.system.sXMLCONFIG
19:54:14.685 [main] TRACE - Finished loading type system org.apache.xmlbeans.metadata.system.sXMLCONFIG
19:54:14.686 [main] TRACE - Reading unresolved handles for type system org.apache.poi.schemas.ooxml.system.ooxml
19:54:14.766 [main] TRACE - Finished loading type system org.apache.poi.schemas.ooxml.system.ooxml
19:54:14.768 [main] TRACE - Resolving type for handle themefd26doctype
19:54:14.845 [main] TRACE - Resolving type for handle stylesheet5d8bdoctype
19:54:14.856 [main] TRACE - Resolving type for handle ctstylesheet4257type
19:54:14.864 [main] TRACE - Resolving type for handle ctfonts6623type
19:54:14.868 [main] TRACE - Resolving type for handle ctfont14d8type
19:54:14.876 [main] TRACE - Resolving type for handle ctfills2c6ftype
19:54:14.880 [main] TRACE - Resolving type for handle ctfill550ctype
19:54:14.883 [main] TRACE - Resolving type for handle ctborders0d66type
19:54:14.887 [main] TRACE - Resolving type for handle ctborderf935type
19:54:14.892 [main] TRACE - Resolving type for handle ctcellxfs1322type
19:54:14.898 [main] TRACE - Resolving type for handle ctxf97f7type
19:54:14.903 [main] TRACE - Resolving type for handle ctcellstylexfsa81ftype
19:54:14.905 [main] TRACE - Resolving type for handle ctdxfsb26atype
19:54:14.908 [main] TRACE - Resolving type for handle cttablestyles872ftype
19:54:14.913 [main] TRACE - Resolving type for handle sstf81fdoctype
19:54:14.920 [main] TRACE - Resolving type for handle ctsst44f3type
19:54:14.931 [main] TRACE - Resolving type for handle ctrsta472type
19:54:14.957 [main] DEBUG - using default POIXMLDocumentPart for http://schemas.openxmlformats.org/officeDocument/2006/relationships/printerSettings
19:54:14.958 [main] TRACE - Resolving type for handle workbookec17doctype
19:54:14.965 [main] TRACE - Resolving type for handle ctworkbook83c3type
19:54:14.973 [main] TRACE - Resolving type for handle ctsheets49fdtype
19:54:14.977 [main] TRACE - Resolving type for handle ctsheet4dbetype
19:54:14.980 [main] TRACE - Resolving type for handle strelationshipid1e94type
19:54:14.983 [main] TRACE - Resolving type for handle worksheetf539doctype
19:54:15.000 [main] TRACE - Resolving type for handle ctworksheet530dtype
19:54:15.008 [main] TRACE - Resolving type for handle ctsheetdata8408type
19:54:15.010 [main] TRACE - Resolving type for handle ctrowdd39type
19:54:15.016 [main] TRACE - Resolving type for handle ctcell842btype
19:54:15.023 [main] TRACE - Resolving type for handle stcellrefe4e0type
19:54:15.033 [main] TRACE - Resolving type for handle ctcols627ctype
19:54:15.037 [main] TRACE - Resolving type for handle ctcola95ftype
19:54:15.058 [main] TRACE - Resolving type for handle cthyperlinks6416type
19:54:15.061 [main] TRACE - Resolving type for handle cthyperlink0c85type
19:54:15.067 [main] TRACE - Resolving type for handle stxstringf179type
19:54:15.070 [main] TRACE - Resolving type for handle stcelltypebf95type
19:54:21.557 [main] INFO  - Goto my account-->Click on Login.. 
19:54:22.061 [main] DEBUG - Parsing relationship: /xl/_rels/workbook.xml.rels
19:54:22.063 [main] DEBUG - Parsing relationship: /xl/worksheets/_rels/sheet1.xml.rels
19:54:22.066 [main] DEBUG - Parsing relationship: /_rels/.rels
19:54:22.096 [main] DEBUG - using default POIXMLDocumentPart for http://schemas.openxmlformats.org/officeDocument/2006/relationships/printerSettings
19:54:38.158 [main] INFO  - Goto my account-->Click on Login.. 
19:54:38.675 [main] DEBUG - Parsing relationship: /xl/_rels/workbook.xml.rels
19:54:38.677 [main] DEBUG - Parsing relationship: /xl/worksheets/_rels/sheet1.xml.rels
19:54:38.680 [main] DEBUG - Parsing relationship: /_rels/.rels
19:54:38.702 [main] DEBUG - using default POIXMLDocumentPart for http://schemas.openxmlformats.org/officeDocument/2006/relationships/printerSettings
19:54:55.084 [main] INFO  - Goto my account-->Click on Login.. 
20:08:48.178 [main] INFO  - Goto my account-->Click on Login.. 
20:08:48.882 [main] DEBUG - Parsing relationship: /xl/_rels/workbook.xml.rels
20:08:48.887 [main] DEBUG - Parsing relationship: /xl/worksheets/_rels/sheet1.xml.rels
20:08:48.891 [main] DEBUG - Parsing relationship: /_rels/.rels
20:08:49.102 [main] TRACE - Loading type system org.apache.poi.schemas.ooxml.system.ooxml
20:08:49.106 [main] TRACE - Loading type system org.apache.xmlbeans.metadata.system.sXMLCONFIG
20:08:49.107 [main] TRACE - Loading type system org.apache.xmlbeans.metadata.system.sXMLLANG
20:08:49.108 [main] TRACE - Loading type system org.apache.xmlbeans.metadata.system.sXMLSCHEMA
20:08:49.108 [main] TRACE - Loading type system org.apache.xmlbeans.metadata.system.sXMLTOOLS
20:08:49.110 [main] TRACE - Reading unresolved handles for type system org.apache.xmlbeans.metadata.system.sXMLTOOLS
20:08:49.123 [main] TRACE - Finished loading type system org.apache.xmlbeans.metadata.system.sXMLTOOLS
20:08:49.125 [main] TRACE - Reading unresolved handles for type system org.apache.xmlbeans.metadata.system.sXMLSCHEMA
20:08:49.135 [main] TRACE - Finished loading type system org.apache.xmlbeans.metadata.system.sXMLSCHEMA
20:08:49.136 [main] TRACE - Reading unresolved handles for type system org.apache.xmlbeans.metadata.system.sXMLLANG
20:08:49.138 [main] TRACE - Finished loading type system org.apache.xmlbeans.metadata.system.sXMLLANG
20:08:49.139 [main] TRACE - Reading unresolved handles for type system org.apache.xmlbeans.metadata.system.sXMLCONFIG
20:08:49.142 [main] TRACE - Finished loading type system org.apache.xmlbeans.metadata.system.sXMLCONFIG
20:08:49.143 [main] TRACE - Reading unresolved handles for type system org.apache.poi.schemas.ooxml.system.ooxml
20:08:49.225 [main] TRACE - Finished loading type system org.apache.poi.schemas.ooxml.system.ooxml
20:08:49.226 [main] TRACE - Resolving type for handle themefd26doctype
20:08:49.301 [main] TRACE - Resolving type for handle stylesheet5d8bdoctype
20:08:49.311 [main] TRACE - Resolving type for handle ctstylesheet4257type
20:08:49.318 [main] TRACE - Resolving type for handle ctfonts6623type
20:08:49.321 [main] TRACE - Resolving type for handle ctfont14d8type
20:08:49.331 [main] TRACE - Resolving type for handle ctfills2c6ftype
20:08:49.334 [main] TRACE - Resolving type for handle ctfill550ctype
20:08:49.337 [main] TRACE - Resolving type for handle ctborders0d66type
20:08:49.340 [main] TRACE - Resolving type for handle ctborderf935type
20:08:49.344 [main] TRACE - Resolving type for handle ctcellxfs1322type
20:08:49.348 [main] TRACE - Resolving type for handle ctxf97f7type
20:08:49.354 [main] TRACE - Resolving type for handle ctcellstylexfsa81ftype
20:08:49.357 [main] TRACE - Resolving type for handle ctdxfsb26atype
20:08:49.361 [main] TRACE - Resolving type for handle cttablestyles872ftype
20:08:49.365 [main] TRACE - Resolving type for handle sstf81fdoctype
20:08:49.372 [main] TRACE - Resolving type for handle ctsst44f3type
20:08:49.380 [main] TRACE - Resolving type for handle ctrsta472type
20:08:49.402 [main] DEBUG - using default POIXMLDocumentPart for http://schemas.openxmlformats.org/officeDocument/2006/relationships/printerSettings
20:08:49.403 [main] TRACE - Resolving type for handle workbookec17doctype
20:08:49.411 [main] TRACE - Resolving type for handle ctworkbook83c3type
20:08:49.418 [main] TRACE - Resolving type for handle ctsheets49fdtype
20:08:49.421 [main] TRACE - Resolving type for handle ctsheet4dbetype
20:08:49.431 [main] TRACE - Resolving type for handle strelationshipid1e94type
20:08:49.435 [main] TRACE - Resolving type for handle worksheetf539doctype
20:08:49.445 [main] TRACE - Resolving type for handle ctworksheet530dtype
20:08:49.455 [main] TRACE - Resolving type for handle ctsheetdata8408type
20:08:49.457 [main] TRACE - Resolving type for handle ctrowdd39type
20:08:49.463 [main] TRACE - Resolving type for handle ctcell842btype
20:08:49.470 [main] TRACE - Resolving type for handle stcellrefe4e0type
20:08:49.480 [main] TRACE - Resolving type for handle ctcols627ctype
20:08:49.485 [main] TRACE - Resolving type for handle ctcola95ftype
20:08:49.506 [main] TRACE - Resolving type for handle cthyperlinks6416type
20:08:49.509 [main] TRACE - Resolving type for handle cthyperlink0c85type
20:08:49.514 [main] TRACE - Resolving type for handle stxstringf179type
20:08:49.517 [main] TRACE - Resolving type for handle stcelltypebf95type
20:08:56.173 [main] INFO  - Goto my account-->Click on Login.. 
20:08:56.699 [main] DEBUG - Parsing relationship: /xl/_rels/workbook.xml.rels
20:08:56.703 [main] DEBUG - Parsing relationship: /xl/worksheets/_rels/sheet1.xml.rels
20:08:56.711 [main] DEBUG - Parsing relationship: /_rels/.rels
20:08:56.736 [main] DEBUG - using default POIXMLDocumentPart for http://schemas.openxmlformats.org/officeDocument/2006/relationships/printerSettings
20:09:13.065 [main] INFO  - Goto my account-->Click on Login.. 
20:09:13.825 [main] DEBUG - Parsing relationship: /xl/_rels/workbook.xml.rels
20:09:13.827 [main] DEBUG - Parsing relationship: /xl/worksheets/_rels/sheet1.xml.rels
20:09:13.829 [main] DEBUG - Parsing relationship: /_rels/.rels
20:09:13.854 [main] DEBUG - using default POIXMLDocumentPart for http://schemas.openxmlformats.org/officeDocument/2006/relationships/printerSettings
20:09:30.271 [main] INFO  - Goto my account-->Click on Login.. 
20:09:30.814 [main] DEBUG - Parsing relationship: /xl/_rels/workbook.xml.rels
20:09:30.817 [main] DEBUG - Parsing relationship: /xl/worksheets/_rels/sheet1.xml.rels
20:09:30.819 [main] DEBUG - Parsing relationship: /_rels/.rels
20:09:30.843 [main] DEBUG - using default POIXMLDocumentPart for http://schemas.openxmlformats.org/officeDocument/2006/relationships/printerSettings
20:09:47.214 [main] INFO  - Goto my account-->Click on Login.. 
20:09:47.720 [main] DEBUG - Parsing relationship: /xl/_rels/workbook.xml.rels
20:09:47.722 [main] DEBUG - Parsing relationship: /xl/worksheets/_rels/sheet1.xml.rels
20:09:47.723 [main] DEBUG - Parsing relationship: /_rels/.rels
20:09:47.746 [main] DEBUG - using default POIXMLDocumentPart for http://schemas.openxmlformats.org/officeDocument/2006/relationships/printerSettings
22:05:15.747 [main] INFO  - Goto my account-->Click on Login.. 
22:05:16.705 [main] DEBUG - Parsing relationship: /xl/_rels/workbook.xml.rels
22:05:16.709 [main] DEBUG - Parsing relationship: /xl/worksheets/_rels/sheet1.xml.rels
22:05:16.716 [main] DEBUG - Parsing relationship: /_rels/.rels
22:05:16.960 [main] TRACE - Loading type system org.apache.poi.schemas.ooxml.system.ooxml
22:05:16.965 [main] TRACE - Loading type system org.apache.xmlbeans.metadata.system.sXMLCONFIG
22:05:16.968 [main] TRACE - Loading type system org.apache.xmlbeans.metadata.system.sXMLLANG
22:05:16.969 [main] TRACE - Loading type system org.apache.xmlbeans.metadata.system.sXMLSCHEMA
22:05:16.969 [main] TRACE - Loading type system org.apache.xmlbeans.metadata.system.sXMLTOOLS
22:05:16.971 [main] TRACE - Reading unresolved handles for type system org.apache.xmlbeans.metadata.system.sXMLTOOLS
22:05:16.985 [main] TRACE - Finished loading type system org.apache.xmlbeans.metadata.system.sXMLTOOLS
22:05:16.987 [main] TRACE - Reading unresolved handles for type system org.apache.xmlbeans.metadata.system.sXMLSCHEMA
22:05:16.997 [main] TRACE - Finished loading type system org.apache.xmlbeans.metadata.system.sXMLSCHEMA
22:05:17.001 [main] TRACE - Reading unresolved handles for type system org.apache.xmlbeans.metadata.system.sXMLLANG
22:05:17.002 [main] TRACE - Finished loading type system org.apache.xmlbeans.metadata.system.sXMLLANG
22:05:17.004 [main] TRACE - Reading unresolved handles for type system org.apache.xmlbeans.metadata.system.sXMLCONFIG
22:05:17.006 [main] TRACE - Finished loading type system org.apache.xmlbeans.metadata.system.sXMLCONFIG
22:05:17.007 [main] TRACE - Reading unresolved handles for type system org.apache.poi.schemas.ooxml.system.ooxml
22:05:17.108 [main] TRACE - Finished loading type system org.apache.poi.schemas.ooxml.system.ooxml
22:05:17.109 [main] TRACE - Resolving type for handle themefd26doctype
22:05:17.210 [main] TRACE - Resolving type for handle stylesheet5d8bdoctype
22:05:17.223 [main] TRACE - Resolving type for handle ctstylesheet4257type
22:05:17.230 [main] TRACE - Resolving type for handle ctfonts6623type
22:05:17.234 [main] TRACE - Resolving type for handle ctfont14d8type
22:05:17.241 [main] TRACE - Resolving type for handle ctfills2c6ftype
22:05:17.244 [main] TRACE - Resolving type for handle ctfill550ctype
22:05:17.246 [main] TRACE - Resolving type for handle ctborders0d66type
22:05:17.248 [main] TRACE - Resolving type for handle ctborderf935type
22:05:17.255 [main] TRACE - Resolving type for handle ctcellxfs1322type
22:05:17.259 [main] TRACE - Resolving type for handle ctxf97f7type
22:05:17.264 [main] TRACE - Resolving type for handle ctcellstylexfsa81ftype
22:05:17.267 [main] TRACE - Resolving type for handle ctdxfsb26atype
22:05:17.271 [main] TRACE - Resolving type for handle cttablestyles872ftype
22:05:17.276 [main] TRACE - Resolving type for handle sstf81fdoctype
22:05:17.284 [main] TRACE - Resolving type for handle ctsst44f3type
22:05:17.294 [main] TRACE - Resolving type for handle ctrsta472type
22:05:17.316 [main] DEBUG - using default POIXMLDocumentPart for http://schemas.openxmlformats.org/officeDocument/2006/relationships/printerSettings
22:05:17.317 [main] TRACE - Resolving type for handle workbookec17doctype
22:05:17.324 [main] TRACE - Resolving type for handle ctworkbook83c3type
22:05:17.331 [main] TRACE - Resolving type for handle ctsheets49fdtype
22:05:17.334 [main] TRACE - Resolving type for handle ctsheet4dbetype
22:05:17.337 [main] TRACE - Resolving type for handle strelationshipid1e94type
22:05:17.340 [main] TRACE - Resolving type for handle worksheetf539doctype
22:05:17.349 [main] TRACE - Resolving type for handle ctworksheet530dtype
22:05:17.359 [main] TRACE - Resolving type for handle ctsheetdata8408type
22:05:17.362 [main] TRACE - Resolving type for handle ctrowdd39type
22:05:17.367 [main] TRACE - Resolving type for handle ctcell842btype
22:05:17.386 [main] TRACE - Resolving type for handle stcellrefe4e0type
22:05:17.395 [main] TRACE - Resolving type for handle ctcols627ctype
22:05:17.401 [main] TRACE - Resolving type for handle ctcola95ftype
22:05:17.428 [main] TRACE - Resolving type for handle cthyperlinks6416type
22:05:17.431 [main] TRACE - Resolving type for handle cthyperlink0c85type
22:05:17.439 [main] TRACE - Resolving type for handle stxstringf179type
22:05:17.442 [main] TRACE - Resolving type for handle stcelltypebf95type
22:05:25.309 [main] INFO  - Goto my account-->Click on Login.. 
22:05:26.095 [main] DEBUG - Parsing relationship: /xl/_rels/workbook.xml.rels
22:05:26.098 [main] DEBUG - Parsing relationship: /xl/worksheets/_rels/sheet1.xml.rels
22:05:26.100 [main] DEBUG - Parsing relationship: /_rels/.rels
22:05:26.183 [main] DEBUG - using default POIXMLDocumentPart for http://schemas.openxmlformats.org/officeDocument/2006/relationships/printerSettings
22:05:42.873 [main] INFO  - Goto my account-->Click on Login.. 
22:05:43.525 [main] DEBUG - Parsing relationship: /xl/_rels/workbook.xml.rels
22:05:43.527 [main] DEBUG - Parsing relationship: /xl/worksheets/_rels/sheet1.xml.rels
22:05:43.530 [main] DEBUG - Parsing relationship: /_rels/.rels
22:05:43.559 [main] DEBUG - using default POIXMLDocumentPart for http://schemas.openxmlformats.org/officeDocument/2006/relationships/printerSettings
22:05:59.961 [main] INFO  - Goto my account-->Click on Login.. 
22:06:00.619 [main] DEBUG - Parsing relationship: /xl/_rels/workbook.xml.rels
22:06:00.621 [main] DEBUG - Parsing relationship: /xl/worksheets/_rels/sheet1.xml.rels
22:06:00.623 [main] DEBUG - Parsing relationship: /_rels/.rels
22:06:00.643 [main] DEBUG - using default POIXMLDocumentPart for http://schemas.openxmlformats.org/officeDocument/2006/relationships/printerSettings
22:06:16.751 [main] INFO  - Goto my account-->Click on Login.. 
22:06:17.396 [main] DEBUG - Parsing relationship: /xl/_rels/workbook.xml.rels
22:06:17.398 [main] DEBUG - Parsing relationship: /xl/worksheets/_rels/sheet1.xml.rels
22:06:17.402 [main] DEBUG - Parsing relationship: /_rels/.rels
22:06:17.425 [main] DEBUG - using default POIXMLDocumentPart for http://schemas.openxmlformats.org/officeDocument/2006/relationships/printerSettings
22:08:42.328 [main] INFO  - Goto my account-->Click on Login.. 
22:08:42.900 [main] INFO  - Entering email and password.. 
22:08:43.742 [main] INFO  - clicked on login button...
22:08:59.235 [main] INFO  - Goto my account-->Click on Login.. 
22:08:59.788 [main] INFO  - Entering email and password.. 
22:09:00.721 [main] INFO  - clicked on login button...
22:10:22.035 [main] INFO  - Goto my account-->Click on Login.. 
22:10:22.589 [main] INFO  - Entering email and password.. 
22:10:23.364 [main] INFO  - clicked on login button...
22:10:40.144 [main] INFO  - Goto my account-->Click on Login.. 
22:10:40.666 [main] INFO  - Entering email and password.. 
22:10:41.714 [main] INFO  - clicked on login button...
22:12:03.578 [main] INFO  - Goto my account-->Click on Login.. 
22:12:04.155 [main] INFO  - Entering email and password.. 
22:12:05.007 [main] INFO  - clicked on login button...
22:16:07.402 [main] INFO  - Goto my account-->Click on Login.. 
22:16:07.956 [main] INFO  - Entering email and password.. 
22:16:08.878 [main] INFO  - clicked on login button...
22:33:38.570 [main] INFO  - Goto my account-->Click on Login.. 
22:33:39.137 [main] INFO  - Entering email and password.. 
22:33:40.034 [main] INFO  - clicked on login button...
22:34:13.443 [main] INFO  - Goto my account-->Click on Login.. 
22:34:14.009 [main] INFO  - Entering email and password.. 
22:34:14.880 [main] INFO  - clicked on login button...
15:43:13.409 [main] INFO  - Goto my homepage..... 
15:43:13.614 [main] INFO  - Enter product name..... 
15:43:13.720 [main] INFO  - clicked on Search button...
15:46:41.034 [main] INFO  - Goto my homepage..... 
15:46:41.065 [main] INFO  - Enter product name..... 
15:46:41.172 [main] INFO  - clicked on Search button...
15:48:18.294 [main] INFO  - Goto my homepage..... 
15:48:18.325 [main] INFO  - Enter product name..... 
15:48:18.435 [main] INFO  - clicked on Search button...
15:56:18.865 [main] INFO  - Goto my homepage..... 
15:56:18.901 [main] INFO  - Enter product name..... 
15:56:19.014 [main] INFO  - clicked on Search button...
15:57:38.090 [main] INFO  - Goto my homepage..... 
15:57:38.120 [main] INFO  - Enter product name..... 
15:57:38.242 [main] INFO  - clicked on Search button...
16:01:43.401 [main] INFO  - Goto my homepage..... 
16:01:43.439 [main] INFO  - Enter product name..... 
16:23:33.685 [main] INFO  - Goto my homepage..... 
16:23:33.722 [main] INFO  - Enter product name..... 
16:23:33.848 [main] INFO  - clicked on Search button...
16:31:29.220 [main] INFO  - Goto my Homepage..... 
16:31:29.251 [main] INFO  - Enter Product name..... 
16:31:29.368 [main] INFO  - clicked on Search button...
16:33:27.462 [main] INFO  - Goto my Homepage..... 
