12:10:19.728 [main] INFO  - Start EndToEnd Test...
12:10:20.525 [main] INFO  - Enter customer Details...
12:10:30.699 [main] INFO  - Goto my account-->Click on Login.. 
12:10:31.461 [main] INFO  - Entering email and password.. 
17:16:51.535 [main] INFO  - Start EndToEnd Test...
17:16:52.542 [main] INFO  - Enter customer Details...
17:17:02.936 [main] INFO  - Goto my account-->Click on Login.. 
17:17:03.695 [main] INFO  - Entering email and password.. 
17:17:04.586 [main] INFO  - clicked on login button...
17:21:57.893 [main] INFO  - Start EndToEnd Test...
17:21:58.699 [main] INFO  - Enter customer Details...
17:22:09.161 [main] INFO  - Goto my account-->Click on Login.. 
17:22:09.901 [main] INFO  - Entering email and password.. 
17:22:10.811 [main] INFO  - clicked on login button...
18:12:47.031 [main] INFO  - Start EndToEnd Test...
18:12:47.792 [main] INFO  - Enter customer Details...
18:12:53.169 [main] INFO  - Goto my account-->Click on Login.. 
18:12:53.776 [main] INFO  - Entering email and password.. 
18:12:54.815 [main] INFO  - clicked on login button...
18:18:31.097 [main] INFO  - Start EndToEnd Test...
18:18:31.939 [main] INFO  - Enter customer Details...
18:18:37.349 [main] INFO  - Goto my account-->Click on Login.. 
18:18:37.891 [main] INFO  - Entering email and password.. 
18:18:38.822 [main] INFO  - clicked on login button...
18:24:40.403 [main] INFO  - Start EndToEnd Test...
18:24:41.305 [main] INFO  - Enter customer Details...
18:24:46.683 [main] INFO  - Goto my account-->Click on Login.. 
18:24:47.265 [main] INFO  - Entering email and password.. 
18:24:48.285 [main] INFO  - clicked on login button...
18:24:48.363 [main] INFO  - search & add product to cart...............
18:26:39.465 [main] INFO  - Start EndToEnd Test...
18:26:40.256 [main] INFO  - Enter customer Details...
18:26:45.900 [main] INFO  - Goto my account-->Click on Login.. 
18:26:46.473 [main] INFO  - Entering email and password.. 
18:26:47.674 [main] INFO  - clicked on login button...
18:26:47.792 [main] INFO  - search & add product to cart...............
18:27:01.829 [main] INFO  - Added product to cart ? false
18:38:20.403 [main] INFO  - Start EndToEnd Test...
18:38:21.200 [main] INFO  - Enter customer Details...
18:38:26.673 [main] INFO  - Goto my account-->Click on Login.. 
18:38:27.239 [main] INFO  - Entering email and password.. 
18:38:28.389 [main] INFO  - clicked on login button...
18:38:28.471 [main] INFO  - search & add product to cart...............
18:38:29.354 [main] INFO  - Select product,quantity to cart.....
18:39:02.148 [main] INFO  - Start EndToEnd Test...
18:39:02.929 [main] INFO  - Enter customer Details...
18:39:10.368 [main] INFO  - Goto my account-->Click on Login.. 
18:39:10.958 [main] INFO  - Entering email and password.. 
18:39:11.958 [main] INFO  - clicked on login button...
18:39:12.032 [main] INFO  - search & add product to cart...............
18:39:12.955 [main] INFO  - Select product,quantity to cart.....
18:41:09.848 [main] INFO  - Start EndToEnd Test...
18:41:10.768 [main] INFO  - Enter customer Details...
18:41:16.419 [main] INFO  - Goto my account-->Click on Login.. 
18:41:16.944 [main] INFO  - Entering email and password.. 
18:41:18.124 [main] INFO  - clicked on login button...
18:41:18.203 [main] INFO  - search & add product to cart...............
18:41:19.119 [main] INFO  - Select product,quantity to cart.....
18:50:19.804 [main] INFO  - Start EndToEnd Test...
18:50:20.632 [main] INFO  - Enter customer Details...
18:50:25.937 [main] INFO  - Goto my account-->Click on Login.. 
18:50:26.574 [main] INFO  - Entering email and password.. 
18:50:27.590 [main] INFO  - clicked on login button...
18:50:27.667 [main] INFO  - search & add product to cart...............
18:50:28.570 [main] INFO  - Select product,quantity to cart.....
07:28:14.357 [main] INFO  - Start EndToEnd Test...
07:28:15.780 [main] INFO  - Enter customer Details...
07:28:21.267 [main] INFO  - Goto my account-->Click on Login.. 
07:28:21.874 [main] INFO  - Entering email and password.. 
07:28:22.932 [main] INFO  - clicked on login button...
07:28:23.004 [main] INFO  - search & add product to cart...............
07:28:23.977 [main] INFO  - Select product,quantity to cart.....
07:29:56.564 [main] INFO  - Start EndToEnd Test...
07:29:57.635 [main] INFO  - Enter customer Details...
07:30:03.183 [main] INFO  - Goto my account-->Click on Login.. 
07:30:03.777 [main] INFO  - Entering email and password.. 
07:30:04.771 [main] INFO  - clicked on login button...
07:30:04.851 [main] INFO  - search & add product to cart...............
07:30:05.859 [main] INFO  - Select product,quantity to cart.....
07:31:53.488 [main] INFO  - Start EndToEnd Test...
07:31:54.423 [main] INFO  - Enter customer Details...
07:31:59.919 [main] INFO  - Goto my account-->Click on Login.. 
07:32:00.561 [main] INFO  - Entering email and password.. 
07:32:01.954 [main] INFO  - clicked on login button...
07:32:02.068 [main] INFO  - search & add product to cart...............
07:32:03.067 [main] INFO  - Select product,quantity to cart.....
